2024-07-23 07:37:31.243 [info] Log level: Info
2024-07-23 07:37:31.243 [info] Validating found git in: "git"
2024-07-23 07:37:31.243 [info] Using git "2.45.2" from "git"
2024-07-23 07:37:31.243 [info] > git rev-parse --show-toplevel [3ms]
2024-07-23 07:37:31.243 [info] fatal: not a git repository (or any of the parent directories): .git
2024-07-23 07:37:31.243 [info] > git rev-parse --show-toplevel [12ms]
2024-07-23 07:37:31.243 [info] fatal: not a git repository (or any of the parent directories): .git
2024-07-23 07:37:31.243 [info] > git rev-parse --show-toplevel [4ms]
2024-07-23 07:37:31.243 [info] fatal: not a git repository (or any of the parent directories): .git
2024-07-23 07:37:31.274 [info] > git rev-parse --show-toplevel [27ms]
2024-07-23 07:37:31.274 [info] fatal: not a git repository (or any of the parent directories): .git
2024-07-23 07:37:32.196 [info] > git rev-parse --show-toplevel [1ms]
2024-07-23 07:37:32.196 [info] fatal: not a git repository (or any of the parent directories): .git
2024-07-23 07:37:32.839 [info] > git rev-parse --show-toplevel [1ms]
2024-07-23 07:37:32.839 [info] fatal: not a git repository (or any of the parent directories): .git
2024-07-23 07:37:38.440 [info] > git rev-parse --show-toplevel [2ms]
2024-07-23 07:37:38.440 [info] fatal: not a git repository (or any of the parent directories): .git
2024-07-23 07:38:47.935 [info] > git rev-parse --show-toplevel [1ms]
2024-07-23 07:38:47.935 [info] fatal: not a git repository (or any of the parent directories): .git
2024-07-23 07:38:51.856 [info] > git rev-parse --show-toplevel [2ms]
2024-07-23 07:38:51.856 [info] fatal: not a git repository (or any of the parent directories): .git
2024-07-23 07:40:45.705 [info] > git rev-parse --show-toplevel [1ms]
2024-07-23 07:40:45.705 [info] fatal: not a git repository (or any of the parent directories): .git
2024-07-23 07:40:47.198 [info] > git rev-parse --show-toplevel [1ms]
2024-07-23 07:40:47.198 [info] fatal: not a git repository (or any of the parent directories): .git
