2024-07-20 22:34:38.957 [info] Log level: Info
2024-07-20 22:34:38.957 [info] Validating found git in: "git"
2024-07-20 22:34:38.957 [info] Using git "2.45.2" from "git"
2024-07-20 22:34:38.957 [info] > git rev-parse --show-toplevel [5ms]
2024-07-20 22:34:38.957 [info] fatal: not a git repository (or any of the parent directories): .git
2024-07-20 22:34:38.957 [info] > git rev-parse --show-toplevel [14ms]
2024-07-20 22:34:38.957 [info] fatal: not a git repository (or any of the parent directories): .git
2024-07-20 22:34:38.957 [info] > git rev-parse --show-toplevel [3ms]
2024-07-20 22:34:38.957 [info] fatal: not a git repository (or any of the parent directories): .git
2024-07-20 22:34:38.969 [info] > git rev-parse --show-toplevel [8ms]
2024-07-20 22:34:38.969 [info] fatal: not a git repository (or any of the parent directories): .git
2024-07-20 22:34:39.918 [info] > git rev-parse --show-toplevel [2ms]
2024-07-20 22:34:39.918 [info] fatal: not a git repository (or any of the parent directories): .git
2024-07-20 22:34:40.564 [info] > git rev-parse --show-toplevel [2ms]
2024-07-20 22:34:40.564 [info] fatal: not a git repository (or any of the parent directories): .git
2024-07-20 22:41:50.749 [info] > git rev-parse --show-toplevel [1ms]
2024-07-20 22:41:50.749 [info] fatal: not a git repository (or any of the parent directories): .git
2024-07-20 22:41:53.532 [info] > git rev-parse --show-toplevel [2ms]
2024-07-20 22:41:53.532 [info] fatal: not a git repository (or any of the parent directories): .git
2024-07-20 22:45:12.266 [info] > git rev-parse --show-toplevel [2ms]
2024-07-20 22:45:12.266 [info] fatal: not a git repository (or any of the parent directories): .git
2024-07-20 22:45:31.951 [info] > git rev-parse --show-toplevel [2ms]
2024-07-20 22:45:31.951 [info] fatal: not a git repository (or any of the parent directories): .git
2024-07-20 22:51:48.268 [info] > git rev-parse --show-toplevel [1ms]
2024-07-20 22:51:48.268 [info] fatal: not a git repository (or any of the parent directories): .git
