2024-07-19 08:39:11.966 [info] Log level: Info
2024-07-19 08:39:11.966 [info] Validating found git in: "git"
2024-07-19 08:39:11.966 [info] Using git "2.45.2" from "git"
2024-07-19 08:39:11.966 [info] > git rev-parse --show-toplevel [2ms]
2024-07-19 08:39:11.966 [info] fatal: not a git repository (or any of the parent directories): .git
2024-07-19 08:39:11.966 [info] > git rev-parse --show-toplevel [38ms]
2024-07-19 08:39:11.966 [info] fatal: not a git repository (or any of the parent directories): .git
2024-07-19 08:39:11.966 [info] > git rev-parse --show-toplevel [7ms]
2024-07-19 08:39:11.966 [info] fatal: not a git repository (or any of the parent directories): .git
2024-07-19 08:39:11.994 [info] > git rev-parse --show-toplevel [24ms]
2024-07-19 08:39:11.994 [info] fatal: not a git repository (or any of the parent directories): .git
2024-07-19 08:39:12.914 [info] > git rev-parse --show-toplevel [1ms]
2024-07-19 08:39:12.914 [info] fatal: not a git repository (or any of the parent directories): .git
2024-07-19 08:39:13.510 [info] > git rev-parse --show-toplevel [3ms]
2024-07-19 08:39:13.510 [info] fatal: not a git repository (or any of the parent directories): .git
2024-07-19 09:20:24.237 [info] > git rev-parse --show-toplevel [4ms]
2024-07-19 09:20:24.237 [info] fatal: not a git repository (or any of the parent directories): .git
2024-07-19 09:20:24.242 [info] > git rev-parse --show-toplevel [1ms]
2024-07-19 09:20:24.242 [info] fatal: not a git repository (or any of the parent directories): .git
2024-07-19 10:30:24.510 [info] > git rev-parse --show-toplevel [1ms]
2024-07-19 10:30:24.510 [info] fatal: not a git repository (or any of the parent directories): .git
2024-07-19 10:42:22.673 [info] > git rev-parse --show-toplevel [1ms]
2024-07-19 10:42:22.673 [info] fatal: not a git repository (or any of the parent directories): .git
2024-07-19 10:42:43.194 [info] > git rev-parse --show-toplevel [1ms]
2024-07-19 10:42:43.194 [info] fatal: not a git repository (or any of the parent directories): .git
2024-07-19 10:43:46.873 [info] > git rev-parse --show-toplevel [1ms]
2024-07-19 10:43:46.873 [info] fatal: not a git repository (or any of the parent directories): .git
2024-07-19 11:22:08.295 [info] > git rev-parse --show-toplevel [1ms]
2024-07-19 11:22:08.295 [info] fatal: not a git repository (or any of the parent directories): .git
2024-07-19 11:46:57.335 [info] > git rev-parse --show-toplevel [0ms]
2024-07-19 11:46:57.335 [info] fatal: not a git repository (or any of the parent directories): .git
